<?xml version="1.0" encoding="UTF-8"?>
<!-- Generated by org.testng.reporters.JUnitXMLReporter -->
<testsuite ignored="1" hostname="Arrows" failures="0" tests="6" name="Sanity" time="0.157" errors="0" timestamp="2023-08-09T12:29:30 IST">
  <testcase classname="testNG.TestNG_Group2" name="testCase1" time="0.019"/>
  <testcase classname="testNG.TestNG_Group2" name="testCase2" time="0.013"/>
  <testcase classname="testNG.TestNG_Group2" name="testCase4" time="0.009"/>
  <testcase classname="testNG.TestNG_Group2" name="testCase5" time="0.013"/>
  <testcase classname="testNG.TestNG_Group2" name="testCase6" time="0.007"/>
  <testcase classname="testNG.TestNG_Group2" name="testCase7" time="0.007"/>
  <testcase classname="testNG.TestNG_Group2" name="testCase3" time="0.0">
    <ignored/>
  </testcase> <!-- testCase3 -->
</testsuite> <!-- Sanity -->
