<?xml version="1.0" encoding="UTF-8"?>
<!-- Generated by org.testng.reporters.JUnitXMLReporter -->
<testsuite ignored="1" hostname="Arrows" failures="0" tests="6" name="Smoke" time="0.405" errors="0" timestamp="2023-08-09T12:29:29 IST">
  <testcase classname="testNG.TestNG_Group1" name="testCase1" time="0.026"/>
  <testcase classname="testNG.TestNG_Group1" name="testCase2" time="0.008"/>
  <testcase classname="testNG.TestNG_Group1" name="testCase4" time="0.009"/>
  <testcase classname="testNG.TestNG_Group1" name="testCase5" time="0.008"/>
  <testcase classname="testNG.TestNG_Group1" name="testCase6" time="0.011"/>
  <testcase classname="testNG.TestNG_Group1" name="testCase7" time="0.009"/>
  <testcase classname="testNG.TestNG_Group1" name="testCase3" time="0.0">
    <ignored/>
  </testcase> <!-- testCase3 -->
</testsuite> <!-- Smoke -->
