<?xml version="1.0" encoding="UTF-8"?>
<!-- Generated by org.testng.reporters.JUnitXMLReporter -->
<testsuite ignored="6" hostname="Arrows" failures="0" tests="1" name="Test" time="0.261" errors="0" timestamp="2023-08-09T11:48:38 IST">
  <testcase classname="testNG.First_TestNG_Ex" name="name6" time="0.054"/>
  <testcase classname="testNG.First_TestNG_Ex" name="testMethod" time="0.0">
    <ignored/>
  </testcase> <!-- testMethod -->
  <testcase classname="testNG.AtTestProperties" name="testCase1" time="0.0">
    <ignored/>
  </testcase> <!-- testCase1 -->
  <testcase classname="testNG.AtTestProperties" name="testCase4" time="0.0">
    <ignored/>
  </testcase> <!-- testCase4 -->
  <testcase classname="testNG.First_TestNG_Ex" name="name5" time="0.0">
    <ignored/>
  </testcase> <!-- name5 -->
  <testcase classname="testNG.AtTestProperties" name="testCase3" time="0.0">
    <ignored/>
  </testcase> <!-- testCase3 -->
  <testcase classname="testNG.AtTestProperties" name="testCase2" time="0.0">
    <ignored/>
  </testcase> <!-- testCase2 -->
</testsuite> <!-- Test -->
