<?xml version="1.0" encoding="UTF-8"?>
<testng-results ignored="0" total="2" passed="2" failed="0" skipped="0">
  <reporter-output>
  </reporter-output>
  <suite started-at="2023-08-09T13:51:13 IST" name="Default suite" finished-at="2023-08-09T13:51:25 IST" duration-ms="11807">
    <groups>
    </groups>
    <test started-at="2023-08-09T13:51:13 IST" name="Default test" finished-at="2023-08-09T13:51:25 IST" duration-ms="11807">
      <class name="assignmentsSelenium.DiscountPercentage">
        <test-method signature="productNames()[pri:1, instance:assignmentsSelenium.DiscountPercentage@73194df]" started-at="2023-08-09T13:51:14 IST" name="productNames" finished-at="2023-08-09T13:51:25 IST" duration-ms="11631" status="PASS">
          <reporter-output>
          </reporter-output>
        </test-method> <!-- productNames -->
        <test-method signature="disEqual20()[pri:2, instance:assignmentsSelenium.DiscountPercentage@73194df]" started-at="2023-08-09T13:51:25 IST" name="disEqual20" finished-at="2023-08-09T13:51:25 IST" duration-ms="12" status="PASS">
          <reporter-output>
          </reporter-output>
        </test-method> <!-- disEqual20 -->
      </class> <!-- assignmentsSelenium.DiscountPercentage -->
    </test> <!-- Default test -->
  </suite> <!-- Default suite -->
</testng-results>
