<?xml version="1.0" encoding="UTF-8"?>
<testng-results ignored="0" total="2" passed="2" failed="0" skipped="0">
  <reporter-output>
  </reporter-output>
  <suite started-at="2023-08-16T10:38:12 IST" name="Default suite" finished-at="2023-08-16T10:38:14 IST" duration-ms="2692">
    <groups>
    </groups>
    <test started-at="2023-08-16T10:38:12 IST" name="Default test" finished-at="2023-08-16T10:38:14 IST" duration-ms="2692">
      <class name="fileReading.Excel_RW_EX">
        <test-method signature="excel()[pri:0, instance:fileReading.Excel_RW_EX@7f132176]" started-at="2023-08-16T10:38:12 IST" name="excel" finished-at="2023-08-16T10:38:14 IST" duration-ms="2149" status="PASS">
          <reporter-output>
          </reporter-output>
        </test-method> <!-- excel -->
        <test-method signature="noOf_Rows_Cell()[pri:0, instance:fileReading.Excel_RW_EX@7f132176]" started-at="2023-08-16T10:38:14 IST" name="noOf_Rows_Cell" finished-at="2023-08-16T10:38:14 IST" duration-ms="375" status="PASS">
          <reporter-output>
          </reporter-output>
        </test-method> <!-- noOf_Rows_Cell -->
      </class> <!-- fileReading.Excel_RW_EX -->
    </test> <!-- Default test -->
  </suite> <!-- Default suite -->
</testng-results>
